{"logTime": "0130/175725", "correlationVector":"jGtPBD/HKgwQpjrdZ8Nd6Y.0","action":"FeedSettingFetch_homeCloud", "result":"0", "context":{}}
{"logTime": "0130/175725", "correlationVector":"jGtPBD/HKgwQpjrdZ8Nd6Y.0","action":"SyncServerConnectionManagerRequest", "result":"SYNC_SERVER_OK", "context":{"environment":"", "server":""}}
{"logTime": "0130/175725", "correlationVector":"Ot8jxGCuAsSFJ50ynWxF4K.1","action":"SyncServerConnectionManagerRequest", "result":"SYNC_SERVER_OK", "context":{"environment":"Prod_EastAsia_000d", "server":"GENERAL0100001C"}}
{"logTime": "0130/175725", "correlationVector":"Ot8jxGCuAsSFJ50ynWxF4K","action":"Initial GetUpdates", "result":"", "context":Reason: NEW_CLIENT. cV=Ot8jxGCuAsSFJ50ynWxF4K}
{"logTime": "0130/175725", "correlationVector":"Ot8jxGCuAsSFJ50ynWxF4K.2","action":"GetUpdates Response", "result":"SYNCER_OK", "context":Received 1 update(s). cV=Ot8jxGCuAsSFJ50ynWxF4K.0;server=GENERAL0100001C;cloudType=Consumer;environment=Prod_EastAsia_000d}
{"logTime": "0130/175725", "correlationVector":"b0HVQL62cUw4U9SFwdOKZN","action":"Initial GetUpdates", "result":"", "context":Reason: NEW_CLIENT. cV=b0HVQL62cUw4U9SFwdOKZN}
{"logTime": "0130/175726", "correlationVector":"b0HVQL62cUw4U9SFwdOKZN.1","action":"SyncServerConnectionManagerRequest", "result":"SYNC_SERVER_OK", "context":{"environment":"Prod_EastAsia_000d", "server":"GENERAL0100000P"}}
{"logTime": "0130/175726", "correlationVector":"b0HVQL62cUw4U9SFwdOKZN.2","action":"GetUpdates Response", "result":"SYNCER_OK", "context":Received 3 update(s). cV=b0HVQL62cUw4U9SFwdOKZN.0;server=GENERAL0100000P;cloudType=Consumer;environment=Prod_EastAsia_000d}
{"logTime": "0130/175726", "correlationVector":"jQAAFWVWDthbnA0Smg5Wf1","action":"Normal GetUpdate request", "result":"", "context":cV=jQAAFWVWDthbnA0Smg5Wf1
Nudged types: Device Info, User Consents
Refresh requested types: Device Info, User Consents, Send Tab To Self, Encryption Keys}
{"logTime": "0130/175726", "correlationVector":"jQAAFWVWDthbnA0Smg5Wf1.1","action":"SyncServerConnectionManagerRequest", "result":"SYNC_SERVER_OK", "context":{"environment":"Prod_EastAsia_000d", "server":"GENERAL01000006"}}
{"logTime": "0130/175726", "correlationVector":"jQAAFWVWDthbnA0Smg5Wf1.2","action":"GetUpdates Response", "result":"SYNCER_OK", "context":Received 0 update(s). cV=jQAAFWVWDthbnA0Smg5Wf1.0;server=GENERAL01000006;cloudType=Consumer;environment=Prod_EastAsia_000d}
{"logTime": "0130/175726", "correlationVector":"exh9GNuhJtHxdPoBoMr9a9","action":"Commit Request", "result":"", "context":Item count: 1
Contributing types: Device Info}
{"logTime": "0130/175726", "correlationVector":"exh9GNuhJtHxdPoBoMr9a9.1","action":"SyncServerConnectionManagerRequest", "result":"SYNC_SERVER_OK", "context":{"environment":"Prod_EastAsia_000d", "server":"GENERAL0100001F"}}
{"logTime": "0130/175726", "correlationVector":"exh9GNuhJtHxdPoBoMr9a9.2","action":"Commit Response", "result":"SYNCER_OK", "context":Result: SYNCER_OK. cV=exh9GNuhJtHxdPoBoMr9a9.0;server=GENERAL0100001F;cloudType=Consumer;environment=Prod_EastAsia_000d}
{"logTime": "0130/175726", "correlationVector":"r8LFOV2oU+C7b6w2wezjbd","action":"Commit Request", "result":"", "context":Item count: 2
Contributing types: User Consents}
{"logTime": "0130/175727", "correlationVector":"r8LFOV2oU+C7b6w2wezjbd.1","action":"SyncServerConnectionManagerRequest", "result":"SYNC_SERVER_OK", "context":{"environment":"Prod_EastAsia_000d", "server":"GENERAL01000026"}}
{"logTime": "0130/175727", "correlationVector":"r8LFOV2oU+C7b6w2wezjbd.2","action":"Commit Response", "result":"SYNCER_OK", "context":Result: SYNCER_OK. cV=r8LFOV2oU+C7b6w2wezjbd.0;server=GENERAL01000026;cloudType=Consumer;environment=Prod_EastAsia_000d}
{"logTime": "0130/175727", "correlationVector":"7kAqCU/ZT3tKQLbvL31/tL","action":"Normal GetUpdate request", "result":"", "context":cV=7kAqCU/ZT3tKQLbvL31/tL
Nudged types: Device Info}
{"logTime": "0130/175727", "correlationVector":"7kAqCU/ZT3tKQLbvL31/tL.1","action":"SyncServerConnectionManagerRequest", "result":"SYNC_SERVER_OK", "context":{"environment":"Prod_EastAsia_000d", "server":"GENERAL0100001W"}}
{"logTime": "0130/175727", "correlationVector":"7kAqCU/ZT3tKQLbvL31/tL.2","action":"GetUpdates Response", "result":"SYNCER_OK", "context":Received 1 update(s). cV=7kAqCU/ZT3tKQLbvL31/tL.0;server=GENERAL0100001W;cloudType=Consumer;environment=Prod_EastAsia_000d}
